<?xml version="1.0" encoding="UTF-8"?>
<!-- Generated by org.testng.reporters.JUnitXMLReporter -->
<testsuite hostname="INTEL-PC" ignored="0" name="Regression suite 1" tests="3" failures="0" timestamp="23 Jun 2018 14:35:27 GMT" time="28.622" errors="0">
  <testcase name="testPageTitle" time="0.015" classname="testng.TestNGExample"/>
  <testcase name="testGmailLinkNavigation" time="6.441" classname="testng.TestNGExample"/>
  <testcase name="testImagesLinkNavigation" time="1.222" classname="testng.TestNGExample"/>
</testsuite> <!-- Regression suite 1 -->
