<?xml version="1.0" encoding="UTF-8"?>
<!-- Generated by org.testng.reporters.JUnitXMLReporter -->
<testsuite hostname="INTEL-PC" ignored="0" name="Default test" tests="6" failures="0" timestamp="24 Jun 2018 02:25:34 GMT" time="49.166" errors="0">
  <testcase name="testSearchFeatureUsingDataProvider" time="1.588" classname="testng.TestNGExample"/>
  <testcase name="testSearchFeatureUsingDataProvider" time="2.503" classname="testng.TestNGExample"/>
  <testcase name="testSearchFeature" time="2.199" classname="testng.TestNGExample"/>
  <testcase name="testPageTitle" time="0.008" classname="testng.TestNGExample"/>
  <testcase name="testGmailLinkNavigation" time="3.651" classname="testng.TestNGExample"/>
  <testcase name="testImagesLinkNavigation" time="0.948" classname="testng.TestNGExample"/>
</testsuite> <!-- Default test -->
