<?xml version="1.0" encoding="UTF-8"?>
<!-- Generated by org.testng.reporters.JUnitXMLReporter -->
<testsuite hostname="INTEL-PC" ignored="1" name="Regression1" tests="2" failures="2" timestamp="23 Jun 2018 14:31:40 GMT" time="0.045" errors="0">
  <testcase name="testGmailLinkNavigation" time="0.012" classname="testng.TestNGExample">
    <failure type="java.lang.NullPointerException">
      <![CDATA[java.lang.NullPointerException
at testng.TestNGExample.testGmailLinkNavigation(TestNGExample.java:62)
... Removed 25 stack frames]]>
    </failure>
  </testcase> <!-- testGmailLinkNavigation -->
  <testcase name="testImagesLinkNavigation" time="0.003" classname="testng.TestNGExample">
    <failure type="java.lang.NullPointerException">
      <![CDATA[java.lang.NullPointerException
at testng.TestNGExample.testImagesLinkNavigation(TestNGExample.java:69)
... Removed 25 stack frames]]>
    </failure>
  </testcase> <!-- testImagesLinkNavigation -->
  <testcase name="testPageTitle" time="0.0" classname="testng.TestNGExample">
    <ignored/>
  </testcase> <!-- testPageTitle -->
</testsuite> <!-- Regression1 -->
