<?xml version="1.0" encoding="UTF-8"?>
<!-- Generated by org.testng.reporters.JUnitXMLReporter -->
<testsuite hostname="INTEL-PC" ignored="2" name="Test_1" tests="5" failures="0" timestamp="24 Jun 2018 01:51:42 GMT" time="32.734" errors="0">
  <testcase name="testGmailLinkAvailability" time="0.052" classname="testng.UITest"/>
  <testcase name="testImagesLinkAvailability" time="0.048" classname="testng.UITest"/>
  <testcase name="testPageTitle" time="0.012" classname="testng.TestNGExample"/>
  <testcase name="testGmailLinkNavigation" time="2.762" classname="testng.TestNGExample"/>
  <testcase name="testImagesLinkNavigation" time="0.799" classname="testng.TestNGExample"/>
  <testcase name="testGmailLinkNavigation" time="0.0" classname="testng.UITest">
    <ignored/>
  </testcase> <!-- testGmailLinkNavigation -->
  <testcase name="testImagesLinkNavigation" time="0.0" classname="testng.UITest">
    <ignored/>
  </testcase> <!-- testImagesLinkNavigation -->
</testsuite> <!-- Test_1 -->
